
  .   ____          _            __ _ _
 /\\ / ___'_ __ _ _(_)_ __  __ _ \ \ \ \
( ( )\___ | '_ | '_| | '_ \/ _` | \ \ \ \
 \\/  ___)| |_)| | | | | || (_| |  ) ) ) )
  '  |____| .__|_| |_|_| |_\__, | / / / /
 =========|_|==============|___/=/_/_/_/
 :: Spring Boot ::                (v2.5.5)

2025-05-31 08:17:16.429  INFO 1804 --- [           main] com.example.Log4ShellDemoApplication     : Starting Log4ShellDemoApplication v0.0.1-SNAPSHOT using Java 21.0.7 on LAPTOP-9PKU07QB with PID 1804 (/home/nayni/log4shell-homework/target/log4shell-demo-0.0.1-SNAPSHOT.jar started by nayni in /mnt/c/Users/nayni/seas-8405/week-9)
2025-05-31 08:17:16.432  INFO 1804 --- [           main] com.example.Log4ShellDemoApplication     : No active profile set, falling back to default profiles: default
2025-05-31 08:17:17.599  INFO 1804 --- [           main] o.s.b.w.embedded.tomcat.TomcatWebServer  : Tomcat initialized with port(s): 8081 (http)
2025-05-31 08:17:17.616  INFO 1804 --- [           main] o.apache.catalina.core.StandardService   : Starting service [Tomcat]
2025-05-31 08:17:17.617  INFO 1804 --- [           main] org.apache.catalina.core.StandardEngine  : Starting Servlet engine: [Apache Tomcat/9.0.53]
2025-05-31 08:17:17.677  INFO 1804 --- [           main] o.a.c.c.C.[Tomcat].[localhost].[/]       : Initializing Spring embedded WebApplicationContext
2025-05-31 08:17:17.678  INFO 1804 --- [           main] w.s.c.ServletWebServerApplicationContext : Root WebApplicationContext: initialization completed in 1166 ms
2025-05-31 08:17:18.095  INFO 1804 --- [           main] o.s.b.w.embedded.tomcat.TomcatWebServer  : Tomcat started on port(s): 8081 (http) with context path ''
2025-05-31 08:17:18.106  INFO 1804 --- [           main] com.example.Log4ShellDemoApplication     : Started Log4ShellDemoApplication in 2.463 seconds (JVM running for 3.87)
2025-05-31 08:27:46.841  INFO 1804 --- [nio-8081-exec-1] o.a.c.c.C.[Tomcat].[localhost].[/]       : Initializing Spring DispatcherServlet 'dispatcherServlet'
2025-05-31 08:27:46.846  INFO 1804 --- [nio-8081-exec-1] o.s.web.servlet.DispatcherServlet        : Initializing Servlet 'dispatcherServlet'
2025-05-31 08:27:46.861  INFO 1804 --- [nio-8081-exec-1] o.s.web.servlet.DispatcherServlet        : Completed initialization in 13 ms
2025-05-31 08:27:47.004  INFO 1804 --- [nio-8081-exec-1] com.example.LogController                : User input: Hello, world!
